C51 COMPILER V9.01   MAIN                                                                  03/26/2021 21:50:32 PAGE 1   


C51 COMPILER V9.01, COMPILATION OF MODULE MAIN
OBJECT MODULE PLACED IN main.OBJ
COMPILER INVOKED BY: C:\Keil\C51\BIN\C51.EXE main.c BROWSE DEBUG OBJECTEXTEND

line level    source

   1          #include <reg52.h>
   2          #include<intrins.h>
   3          typedef  unsigned int  uint;
   4          typedef  unsigned char uchar; 
   5          #define led P0
   6          
   7          void delay(uint i)
   8          {
   9   1              while(i--);     
  10   1      }
  11                    
  12          
  13          void main()
  14          {       uchar i;
  15   1              led=~0x01;
  16   1              delay(50000); //大约延时450ms   
  17   1              while(1)
  18   1              {       
  19   2                      for(i=0;i<8;i++)
  20   2                      {
  21   3                              P0=~(0x01<<i);   //将1右移i位，然后将结果赋值到P0口
  22   3                              delay(500000); //大约延时450ms
  23   3                      }
  24   2      }
  25   1      }


MODULE INFORMATION:   STATIC OVERLAYABLE
   CODE SIZE        =     50    ----
   CONSTANT SIZE    =   ----    ----
   XDATA SIZE       =   ----    ----
   PDATA SIZE       =   ----    ----
   DATA SIZE        =   ----    ----
   IDATA SIZE       =   ----    ----
   BIT SIZE         =   ----    ----
END OF MODULE INFORMATION.


C51 COMPILATION COMPLETE.  0 WARNING(S),  0 ERROR(S)
