C51 COMPILER V9.01   MAIN                                                                  03/29/2021 09:16:39 PAGE 1   


C51 COMPILER V9.01, COMPILATION OF MODULE MAIN
OBJECT MODULE PLACED IN main.OBJ
COMPILER INVOKED BY: C:\Keil\C51\BIN\C51.EXE main.c BROWSE DEBUG OBJECTEXTEND

line level    source

   1          
   2          #include "reg52.h"
   3          #include "intrins.h"                     
   4          typedef unsigned int uint;// 16位         
   5          typedef unsigned char uchar;//8 位
   6          sbit SCK=P3^6;
   7          sbit RCK=P3^5;
   8          sbit SER=P3^4;
   9          #define smg P1
  10          uchar code smgduan[]={0xF8,0xFC,0xFE,0xFF,0xFF,0xFE,0xFC,0xF8,0xF8,0xFC,0xFE,0xFF,0xFF,0xFE,0xFC,0xF8,
  11                                                    0x01,0x03,0x07,0x0F,0x1F,0x3F,0x7F,0xFF,0xFF,0x7F,0x3F,0x1F,0x0F,0x07,0x03,0x01,};
  12          uchar code smgwei[]={0x01,0x02,0x04,0x08,0x10,0x20,0x40,0x80,0x00,0x00,0x00,0x00,0x00,0x00,0x00,0x00,
  13                                                   0x00,0x00,0x00,0x00,0x00,0x00,0x00,0x00,0x01,0x02,0x04,0x08,0x10,0x20,0x40,0x80};
  14          
  15          void delay(uint i)
  16          {
  17   1              while(i--);     
  18   1      }
  19          
  20          void Read595(uchar indata1, uchar indata2, uchar indata3, uchar indata4)
  21          {       uchar i;
  22   1              SCK = 1;
  23   1              RCK = 1;
  24   1              for(i=0;i<8;i++)
  25   1              {
  26   2                      SER=indata1>>7;
  27   2                      indata1<<=1;
  28   2                      SCK=0;
  29   2                      _nop_();
  30   2                      _nop_();
  31   2                      SCK=1;
  32   2              } 
  33   1                      for(i=0;i<8;i++)
  34   1              {
  35   2                      SER=indata2>>7;
  36   2                      indata2<<=1;
  37   2                      SCK=0;
  38   2                      _nop_();
  39   2                      _nop_();
  40   2                      SCK=1;
  41   2              }
  42   1                      for(i=0;i<8;i++)
  43   1              {
  44   2                      SER=indata3>>7;
  45   2                      indata3<<=1;
  46   2                      SCK=0;
  47   2                      _nop_();
  48   2                      _nop_();
  49   2                      SCK=1;
  50   2              }
  51   1                      for(i=0;i<8;i++)
  52   1              {
  53   2                      SER=indata4>>7;
  54   2                      indata4<<=1;
  55   2                      SCK=0;
C51 COMPILER V9.01   MAIN                                                                  03/29/2021 09:16:39 PAGE 2   

  56   2                      _nop_();
  57   2                      _nop_();
  58   2                      SCK=1;
  59   2              }
  60   1              RCK=0;
  61   1              _nop_();
  62   1              _nop_();
  63   1              RCK=1;
  64   1      }
  65          /*
  66          void main()
  67          {       
  68                  uchar ledNum;
  69          
  70                  ledNum = ~0x01;   
  71          
  72                  while(1)
  73                  {
  74                          Read595(ledNum);
  75                          ledNum = _crol_(ledNum, 1);
  76                          delay(50000);
  77                  }                       
  78          }
  79            */
  80          /*静态数码管显示0-F
  81          void main()
  82          { uchar smgdis; uchar j;
  83            while(1)
  84            {     
  85            for(j=0;j<16;j++)
  86                  {       smgdis=smgduan[j];
  87                          Read595(smgdis);
  88                          delay(500000);
  89                  }
  90            }
  91          }
  92          */
  93          /*动态数码管显示0-7*/
  94          void main()
  95           { uchar i;
  96   1         while(1)
  97   1         {
  98   2               for(i=0;i<16;i++)
  99   2                {
 100   3                      Read595(~smgwei[i+16],~smgwei[i],smgduan[i+16],smgduan[i]);
 101   3                      delay(10);
 102   3                }
 103   2         }
 104   1       }


MODULE INFORMATION:   STATIC OVERLAYABLE
   CODE SIZE        =    178    ----
   CONSTANT SIZE    =     64    ----
   XDATA SIZE       =   ----    ----
   PDATA SIZE       =   ----    ----
   DATA SIZE        =   ----       4
   IDATA SIZE       =   ----    ----
   BIT SIZE         =   ----    ----
END OF MODULE INFORMATION.


C51 COMPILATION COMPLETE.  0 WARNING(S),  0 ERROR(S)
