C51 COMPILER V9.01   DS1302                                                                04/07/2021 11:03:05 PAGE 1   


C51 COMPILER V9.01, COMPILATION OF MODULE DS1302
OBJECT MODULE PLACED IN DS1302.OBJ
COMPILER INVOKED BY: C:\Keil\C51\BIN\C51.EXE DS1302.c BROWSE DEBUG OBJECTEXTEND

line level    source

   1          #include"DS1302.h"
   2          
   3          uchar code READ_ADDR[7]={0x81,0x83,0x85,0x87,0x89,0x8b,0x8d};
   4          uchar code WRITE_ADDR[7]={0x80,0x82,0x84,0x86,0x88,0x8a,0x8c};
   5          
   6          uchar TIME[7]={0,0,0x12,0x07,0x05,0x06,0x16};
   7          /*
   8          void DELAY10US()
   9          {
  10                  unsigned char a,b;
  11                  for(b=1;b>0;b--)
  12                          for(a=2;a>0;a--);
  13          
  14          }
  15          */
  16          void DS1302_WRITE(uchar addr, uchar dat)
  17          {
  18   1              uchar i;
  19   1              CE=0;
  20   1              _nop_();
  21   1              CLK=0;
  22   1              _nop_();
  23   1              CE=1;
  24   1              _nop_();
  25   1              for(i=0;i<8;i++)
  26   1              {
  27   2                      IO=addr&0x01;
  28   2                      addr>>=1;
  29   2                      CLK=1;
  30   2                      _nop_();
  31   2                      CLK=0;
  32   2                      _nop_();
  33   2              }
  34   1              for(i=0;i<8;i++)
  35   1              {
  36   2                      IO=dat&0x01;
  37   2                      dat>>=1;
  38   2                      CLK=1;
  39   2                      _nop_();
  40   2                      CLK=0;
  41   2                      _nop_();
  42   2              }
  43   1              CE=0;
  44   1              _nop_();
  45   1      
  46   1      }
  47          
  48          uint DS1302_RECEIVE(uchar addr)
  49          {
  50   1              uchar i,dat,dat1;
  51   1              CE=0;
  52   1              _nop_();
  53   1              CLK=0;
  54   1              _nop_();
  55   1              CE=1;
C51 COMPILER V9.01   DS1302                                                                04/07/2021 11:03:05 PAGE 2   

  56   1              _nop_();
  57   1              for(i=0;i<8;i++)
  58   1              {
  59   2                      IO=addr&0x01;
  60   2                      addr>>=1;
  61   2                      CLK=1;
  62   2                      _nop_();
  63   2                      CLK=0;
  64   2                      _nop_();
  65   2              }
  66   1              for(i=0;i<8;i++)
  67   1              {
  68   2                      dat1=IO;
  69   2                      dat=(dat>>1)|(dat1<<7);
  70   2                      CLK=1;
  71   2                      _nop_();
  72   2                      CLK=0;
  73   2                      _nop_();
  74   2              }
  75   1              CE=0;
  76   1              _nop_(); 
  77   1              CLK=1;
  78   1              _nop_();
  79   1              return dat;
  80   1      
  81   1      }
  82          
  83          void DS1302_INIT()
  84          {
  85   1              uchar i;
  86   1              DS1302_WRITE(0x8E,0x00);
  87   1              for (i=0;i<7;i++)
  88   1              {
  89   2                      DS1302_WRITE(WRITE_ADDR[i],TIME[i]);
  90   2              }
  91   1              DS1302_WRITE(0x8e,0x80);
  92   1      }
  93          
  94          void DS1302_READ_TIME()
  95          {
  96   1       uchar i;
  97   1       for(i=0;i<7;i++)
  98   1       {
  99   2              TIME[i]=DS1302_RECEIVE(READ_ADDR[i]);
 100   2       }
 101   1      }


MODULE INFORMATION:   STATIC OVERLAYABLE
   CODE SIZE        =    179    ----
   CONSTANT SIZE    =     14    ----
   XDATA SIZE       =   ----    ----
   PDATA SIZE       =   ----    ----
   DATA SIZE        =      7    ----
   IDATA SIZE       =   ----    ----
   BIT SIZE         =   ----    ----
END OF MODULE INFORMATION.


C51 COMPILATION COMPLETE.  0 WARNING(S),  0 ERROR(S)
