C51 COMPILER V9.01   MAIN                                                                  04/07/2021 11:03:05 PAGE 1   


C51 COMPILER V9.01, COMPILATION OF MODULE MAIN
OBJECT MODULE PLACED IN main.OBJ
COMPILER INVOKED BY: C:\Keil\C51\BIN\C51.EXE main.c BROWSE DEBUG OBJECTEXTEND

line level    source

   1          #include "reg52.h"                       //此文件中定义了单片机的一些特殊功能寄存器
   2          #include <DS1302.h>
   3          #define smg P0
   4          
   5          sbit LSA=P2^2;
   6          sbit LSB=P2^3;
   7          sbit LSC=P2^4;
   8             
   9                  
  10           uchar disp[8];
  11           uint num;
  12           uchar code smgduan[10]={0x3f,0x06,0x5b,0x4f,0x66,0x6d,0x7d,0x07,0x7f,0x6f};
  13           //uchar code smgduan[16]={0xf9,0xb0,0xf9,0x99,0xbf,0x92,0xa4,0xC0,0x80,0x90,0x88,0x83,0xC6,0xA1,0x86,0x8E
             -};
  14          void delay(uint i)
  15          {
  16   1              while(i--);     
  17   1      }
  18          
  19          void datapro()
  20          {
  21   1              DS1302_READ_TIME();
  22   1              disp[0]=smgduan[TIME[2]/16];
  23   1              disp[1]=smgduan[TIME[2]&0x0f];
  24   1              disp[2]=0x40;
  25   1              disp[3]=smgduan[TIME[1]/16];
  26   1              disp[4]=smgduan[TIME[1]&0x0f];
  27   1              disp[5]=0x40;
  28   1              disp[6]=smgduan[TIME[0]/16];
  29   1              disp[7]=smgduan[TIME[0]&0x0f];
  30   1      }                 
  31          void smgdis()
  32          {       uchar i;
  33   1      
  34   1              for(i=0;i<8;i++)
  35   1              {                
  36   2               switch(i)
  37   2                      {
  38   3                                      case(0):
  39   3                                      LSA=0;LSB=0;LSC=0; break;//显示第0位
  40   3                              case(1):
  41   3                                      LSA=1;LSB=0;LSC=0; break;//显示第1位
  42   3                              case(2):
  43   3                                      LSA=0;LSB=1;LSC=0; break;//显示第2位
  44   3                              case(3):
  45   3                                      LSA=1;LSB=1;LSC=0; break;//显示第3位
  46   3                              case(4):
  47   3                                      LSA=0;LSB=0;LSC=1; break;//显示第4位
  48   3                              case(5):
  49   3                                      LSA=1;LSB=0;LSC=1; break;//显示第5位
  50   3                              case(6):
  51   3                                      LSA=0;LSB=1;LSC=1; break;//显示第6位
  52   3                              case(7):
  53   3                                      LSA=1;LSB=1;LSC=1; break;//显示第7位    
  54   3                      }  
C51 COMPILER V9.01   MAIN                                                                  04/07/2021 11:03:05 PAGE 2   

  55   2                      smg=disp[i];
  56   2                      delay(100);
  57   2                      smg=0x00;
  58   2              }
  59   1      }
  60          
  61          
  62          void main()
  63          {       
  64   1              DS1302_INIT();
  65   1              while(1)
  66   1              {
  67   2                      datapro();
  68   2                      smgdis();
  69   2              }       
  70   1      }


MODULE INFORMATION:   STATIC OVERLAYABLE
   CODE SIZE        =    189    ----
   CONSTANT SIZE    =     10    ----
   XDATA SIZE       =   ----    ----
   PDATA SIZE       =   ----    ----
   DATA SIZE        =     10    ----
   IDATA SIZE       =   ----    ----
   BIT SIZE         =   ----    ----
END OF MODULE INFORMATION.


C51 COMPILATION COMPLETE.  0 WARNING(S),  0 ERROR(S)
