C51 COMPILER V9.01   MAIN                                                                  03/26/2021 22:12:17 PAGE 1   


C51 COMPILER V9.01, COMPILATION OF MODULE MAIN
OBJECT MODULE PLACED IN main.OBJ
COMPILER INVOKED BY: C:\Keil\C51\BIN\C51.EXE main.c BROWSE DEBUG OBJECTEXTEND

line level    source

   1          #include <reg52.h>
   2          #include<intrins.h>
   3          typedef  unsigned int  uint;
   4          typedef  unsigned char uchar; 
   5          sbit beep=P0^0;
   6          sbit relay=P0^1;
   7          
   8          void delay(uint i)
   9          {
  10   1              while(i--);     
  11   1      }
  12                    
  13          
  14          void main()
  15          {       
  16   1              while(1)
  17   1              {       
  18   2                      relay=0;
  19   2                      //beep=~beep;            
  20   2                      delay(50);
  21   2      }
  22   1      }


MODULE INFORMATION:   STATIC OVERLAYABLE
   CODE SIZE        =     22    ----
   CONSTANT SIZE    =   ----    ----
   XDATA SIZE       =   ----    ----
   PDATA SIZE       =   ----    ----
   DATA SIZE        =   ----    ----
   IDATA SIZE       =   ----    ----
   BIT SIZE         =   ----    ----
END OF MODULE INFORMATION.


C51 COMPILATION COMPLETE.  0 WARNING(S),  0 ERROR(S)
