C51 COMPILER V9.01   MAIN                                                                  04/07/2021 12:13:33 PAGE 1   


C51 COMPILER V9.01, COMPILATION OF MODULE MAIN
OBJECT MODULE PLACED IN main.OBJ
COMPILER INVOKED BY: C:\Keil\C51\BIN\C51.EXE main.c BROWSE DEBUG OBJECTEXTEND

line level    source

   1          #include <reg52.h>
   2          #include<intrins.h>
   3          typedef  unsigned int  uint;
   4          typedef  unsigned char uchar; 
   5          sbit PWM=P2^1;
   6          bit DIR;
   7          
   8          uint count,value,timer1;
   9          
  10          void TimerInit()
  11          {
  12   1       TMOD|=0X10;
  13   1       TH1=0XFF;
  14   1       TL1=0XFF;
  15   1       ET1=1;
  16   1       EA=1;
  17   1       TR1=1;
  18   1      }         
  19          
  20          void main()
  21          {       TimerInit();
  22   1              while(1)
  23   1              {
  24   2                      if(count>100)
  25   2                      {
  26   3                              count=0;
  27   3                              if(DIR==1)
  28   3                                      {
  29   4                                              value++;
  30   4                                      }
  31   3                               if(DIR==0)
  32   3                                      {
  33   4                                              value--;
  34   4                                      }
  35   3                      }
  36   2                      if(value==100)
  37   2                      {
  38   3                              DIR=0;
  39   3                      }               
  40   2                      if(value==0)
  41   2                      {
  42   3                              DIR=1;
  43   3                      }
  44   2                      if(timer1>500)
  45   2                      {
  46   3                              timer1=0;
  47   3                      }
  48   2                      else if(timer1<value)
  49   2                      {
  50   3                              PWM=1;
  51   3                      }
  52   2                      else
  53   2                      {
  54   3                              PWM=0;
  55   3                      }       
C51 COMPILER V9.01   MAIN                                                                  04/07/2021 12:13:33 PAGE 2   

  56   2              }
  57   1      
  58   1      }
  59          
  60          void Time1(void) interrupt 3
  61          {
  62   1              TH1=0XFF;
  63   1              TL1=0XFF;
  64   1              timer1++;
  65   1              count++;
  66   1      }


MODULE INFORMATION:   STATIC OVERLAYABLE
   CODE SIZE        =    139    ----
   CONSTANT SIZE    =   ----    ----
   XDATA SIZE       =   ----    ----
   PDATA SIZE       =   ----    ----
   DATA SIZE        =      6    ----
   IDATA SIZE       =   ----    ----
   BIT SIZE         =      1    ----
END OF MODULE INFORMATION.


C51 COMPILATION COMPLETE.  0 WARNING(S),  0 ERROR(S)
