C51 COMPILER V9.01   ADC                                                                   04/06/2021 15:31:41 PAGE 1   


C51 COMPILER V9.01, COMPILATION OF MODULE ADC
OBJECT MODULE PLACED IN ADC.OBJ
COMPILER INVOKED BY: C:\Keil\C51\BIN\C51.EXE ADC.c BROWSE DEBUG OBJECTEXTEND

line level    source

   1          #include"ADC.h"
   2          
   3          /*
   4          void DELAY10US()
   5          {
   6                  unsigned char a,b;
   7                  for(b=1;b>0;b--)
   8                          for(a=2;a>0;a--);
   9          
  10          }
  11          */
  12          void SENDBYTE(uchar dat)
  13          {
  14   1              uint i;
  15   1              CLK=0;
  16   1              for(i=0;i<8;i++)
  17   1              {
  18   2                      DIN=dat>>7;
  19   2                      dat<<=1;
  20   2                      CLK=0;
  21   2                      CLK=1;
  22   2              }
  23   1      
  24   1      }
  25          
  26          uint RECEIVEBYTE(void)
  27          {
  28   1              uint j,dat=0;
  29   1              CLK=0;
  30   1              for(j=0;j<12;j++)
  31   1              {
  32   2                      dat<<=1;
  33   2                      CLK=1;
  34   2                      CLK=0;
  35   2                      dat|=DOUT;
  36   2              }
  37   1              return dat;
  38   1      }
  39          
  40          uint ADCREAD(uchar cmd)
  41          {
  42   1              uint AD_VAL; uchar i;
  43   1              CLK=0; CS=0;
  44   1              SENDBYTE(cmd);
  45   1              for(i=6;i>0;i--);
  46   1              CLK=1;
  47   1              _nop_();
  48   1              _nop_();
  49   1              CLK=0;
  50   1              _nop_();
  51   1              _nop_();
  52   1              AD_VAL=RECEIVEBYTE;
  53   1              CS=1;
  54   1              return AD_VAL;
  55   1      }
C51 COMPILER V9.01   ADC                                                                   04/06/2021 15:31:41 PAGE 2   



MODULE INFORMATION:   STATIC OVERLAYABLE
   CODE SIZE        =     98    ----
   CONSTANT SIZE    =   ----    ----
   XDATA SIZE       =   ----    ----
   PDATA SIZE       =   ----    ----
   DATA SIZE        =   ----    ----
   IDATA SIZE       =   ----    ----
   BIT SIZE         =   ----    ----
END OF MODULE INFORMATION.


C51 COMPILATION COMPLETE.  0 WARNING(S),  0 ERROR(S)
