C51 COMPILER V9.01   LCD1602                                                               05/18/2021 17:29:58 PAGE 1   


C51 COMPILER V9.01, COMPILATION OF MODULE LCD1602
OBJECT MODULE PLACED IN LCD1602.OBJ
COMPILER INVOKED BY: C:\Keil\C51\BIN\C51.EXE LCD1602.c BROWSE DEBUG OBJECTEXTEND

line level    source

   1          #include"LCD1602.h"
   2          
   3          
   4          void lcd1602_delay1ms(uint c)
   5          {
   6   1              uchar a,b;
   7   1              for(;c>0;c--)
   8   1              {
   9   2                      for(b=199;b>0;b--)
  10   2                      {
  11   3                              for(a=1;a>0;a--);
  12   3                      }
  13   2              }
  14   1      
  15   1      }
  16          
  17          void LCD_WRITE_COM(uchar com)  //写入命令
  18          {
  19   1              LCD1602_E = 0;     //使能
  20   1              LCD1602_RS = 0;    //选择发送命令
  21   1              LCD1602_RW = 0;    //选择写入
  22   1              
  23   1              LCD1602_DATAPINS = com;     //放入命令
  24   1              lcd1602_delay1ms(1);            //等待数据稳定
  25   1      
  26   1              LCD1602_E = 1;            //写入时序
  27   1              lcd1602_delay1ms(5);      //保持时间
  28   1              LCD1602_E = 0;
  29   1      }
  30          
  31          
  32          void LCD_WRITE_DATA(uchar dat)                  //写入数据
  33          {
  34   1              LCD1602_E = 0;  //使能清零
  35   1              LCD1602_RS = 1; //选择输入数据
  36   1              LCD1602_RW = 0; //选择写入
  37   1      
  38   1              LCD1602_DATAPINS = dat; //写入数据
  39   1              lcd1602_delay1ms(1);
  40   1      
  41   1              LCD1602_E = 1;   //写入时序
  42   1              lcd1602_delay1ms(5);   //保持时间
  43   1              LCD1602_E = 0;
  44   1      }
  45          
  46          
  47          
  48          void LCD_INIT()
  49          {       /*
  50   1              LCD_WRITE_COM(0x32);
  51   1              LCD_WRITE_COM(0x28);
  52   1              LCD_WRITE_COM(0x0c);
  53   1              LCD_WRITE_COM(0x06);
  54   1              LCD_WRITE_COM(0x01);
  55   1              LCD_WRITE_COM(0x80);
C51 COMPILER V9.01   LCD1602                                                               05/18/2021 17:29:58 PAGE 2   

  56   1               */
  57   1              LCD1602_E=0;
  58   1              LCD_WRITE_COM(0x38);
  59   1              LCD_WRITE_COM(0x0c);
  60   1              LCD_WRITE_COM(0x06);
  61   1              LCD_WRITE_COM(0x01); 
  62   1      }


MODULE INFORMATION:   STATIC OVERLAYABLE
   CODE SIZE        =     84    ----
   CONSTANT SIZE    =   ----    ----
   XDATA SIZE       =   ----    ----
   PDATA SIZE       =   ----    ----
   DATA SIZE        =   ----    ----
   IDATA SIZE       =   ----    ----
   BIT SIZE         =   ----    ----
END OF MODULE INFORMATION.


C51 COMPILATION COMPLETE.  0 WARNING(S),  0 ERROR(S)
