C51 COMPILER V9.01   I2C                                                                   05/23/2021 16:11:33 PAGE 1   


C51 COMPILER V9.01, COMPILATION OF MODULE I2C
OBJECT MODULE PLACED IN i2c.OBJ
COMPILER INVOKED BY: C:\Keil\C51\BIN\C51.EXE i2c.c BROWSE DEBUG OBJECTEXTEND

line level    source

   1          #include"i2c.h"
   2          
   3          /*******************************************************************************
   4          * 函数名         : Delay10us()
   5          * 函数功能                 : 延时10us
   6          * 输入           : 无
   7          * 输出           : 无
   8          *******************************************************************************/
   9          
  10          void delay_10US()
  11          {
  12   1              unsigned char a,b;
  13   1              for(b=1;b>0;b--)
  14   1                      for(a=2;a>0;a--);
  15   1      
  16   1      }
  17          void iic_start()//起始信号是检测SCL为高电平时SDA的下降沿,后将SCL拉高
  18          {
  19   1              SDA=1;
  20   1              delay_10US();
  21   1              SCL=1;
  22   1              delay_10US();
  23   1              SDA=0;
  24   1              delay_10US();
  25   1              SCL=0;
  26   1      }
  27          void iic_end()//结束信号是检测SCL为高电平时SDA的上升沿
  28          {
  29   1              SDA=0;
  30   1              delay_10US();
  31   1              SCL=1;
  32   1              delay_10US();
  33   1              SDA=1;
  34   1              delay_10US();
  35   1      }
  36          
  37          uchar iic_send_byte(uchar dat) //发送数据时每个时钟周期发送一位的数据，先发送后移位，由最高位开始发送
  38          {
  39   1              uchar i,j;
  40   1              for(i=0;i<8;i++)
  41   1              {
  42   2                      SDA=dat>>7;//可以先发送数据右移七位后的第一位，也可以将数据左移一位，最高位将储存在PSW寄存器的CY位，将
             -CY位赋值给数据线
  43   2                      dat<<=1;
  44   2                      delay_10US();//延迟一定时间使数据稳定
  45   2                      SCL=1;
  46   2                      delay_10US();//制造时钟脉冲信号
  47   2                      SCL=0;
  48   2                      delay_10US();
  49   2              }
  50   1              SDA=1;//发送完毕后，将数据线拉高，等待应答
  51   1              delay_10US();
  52   1      
  53   1       /*在时钟信号高电平时间内，检测到SDA为低电平则为应答，否则为非应答*/
  54   1              SCL=1;
C51 COMPILER V9.01   I2C                                                                   05/23/2021 16:11:33 PAGE 2   

  55   1              while(SDA)//如果SDA为低电平,则跳出while循环,器件应答,时钟信号可以拉低，并且返回1表示应答
  56   1              {
  57   2                      j++;
  58   2                      if(j>200)//超过规定时间还没有收到低电平，则退出循环，时钟信号拉低，返回0表示非应答
  59   2                      {
  60   3                              SCL=0;
  61   3                              delay_10US();
  62   3                              return 0;
  63   3                      }
  64   2              }
  65   1              SCL=0;
  66   1              delay_10US();
  67   1              return 1;
  68   1      }
  69          
  70          uchar iic_receive_byte()
  71          {
  72   1              uchar a,dat;
  73   1              SDA=1;
  74   1              delay_10US();
  75   1              for(a=0;a<8;a++)//接收数据时，先移位再接收
  76   1              {
  77   2                      dat<<=1;
  78   2                      dat=SDA;
  79   2                      delay_10US();
  80   2                      SCL=1;
  81   2                      delay_10US();
  82   2                      SCL=0;
  83   2                      delay_10US();
  84   2              }
  85   1              return dat;
  86   1      }
  87          
  88          void iic_send_data(uchar addr, uchar dat)
  89          {
  90   1              iic_start();//发出起始信号
  91   1              iic_send_byte(0xa0); //发出芯片的器件地址，方向为由主机向从机发送
  92   1              iic_send_byte(addr); //发出数据对应储存区的首地址
  93   1              iic_send_byte(dat); //发出数据
  94   1              iic_end();
  95   1      }
  96          uchar iic_receive_data(uchar addr)
  97          {
  98   1              iic_start();
  99   1              iic_send_byte(0xa0);//发出芯片的器件地址，确认是否正确
 100   1              iic_send_byte(addr);//发出储存区首地址，确认是否正确
 101   1              iic_start();//重新发送起始信号，下一步将改变数据传输方向
 102   1              iic_send_byte(0xa1);//主机发送接收器件发送的数据的命令，改变传输方向
 103   1              num=iic_receive_byte();//将数据读取并且保存在字符型变量中
 104   1              iic_end();
 105   1              return num;
 106   1      }


MODULE INFORMATION:   STATIC OVERLAYABLE
   CODE SIZE        =    188    ----
   CONSTANT SIZE    =   ----    ----
   XDATA SIZE       =   ----    ----
   PDATA SIZE       =   ----    ----
   DATA SIZE        =      1       1
   IDATA SIZE       =   ----    ----
   BIT SIZE         =   ----    ----
C51 COMPILER V9.01   I2C                                                                   05/23/2021 16:11:33 PAGE 3   

END OF MODULE INFORMATION.


C51 COMPILATION COMPLETE.  0 WARNING(S),  0 ERROR(S)
