C51 COMPILER V9.01   MAIN                                                                  04/06/2021 13:51:16 PAGE 1   


C51 COMPILER V9.01, COMPILATION OF MODULE MAIN
OBJECT MODULE PLACED IN main.OBJ
COMPILER INVOKED BY: C:\Keil\C51\BIN\C51.EXE main.c BROWSE DEBUG OBJECTEXTEND

line level    source

   1          
   2          #include "reg52.h"                       
   3          #include "intrins.h"
   4          typedef unsigned int uint;        
   5          typedef unsigned char uchar;
   6          
   7          #define smg P0
   8          
   9          sbit LSA=P2^2;
  10          sbit LSB=P2^3;
  11          sbit LSC=P2^4;
  12             
  13                  
  14          
  15           uchar code smgwei[8]={0x01,0x02,0x04,0x08,0x10,0x20,0x40,0x80};
  16           uchar code smgduan[16]={0xC0,0xF9,0xA4,0xB0,0x99,0x92,0x82,0xF8,0x80,0x90,0x88,0x83,0xC6,0xA1,0x86,0x8E};
             -//œ‘ æ0~Fµƒ÷µ
  17           //uchar code smgduan[16]={0xf9,0xb0,0xf9,0x99,0xbf,0x92,0xa4,0xC0,0x80,0x90,0x88,0x83,0xC6,0xA1,0x86,0x8E
             -};
  18          void delay(uint i)
  19          {
  20   1              while(i--);     
  21   1      }
  22          
  23          void smgdis()
  24          {       uchar i;
  25   1      
  26   1              for(i=0;i<8;i++)
  27   1              {                
  28   2               switch(i)
  29   2                      {
  30   3                              case(0):LSA=0;LSB=0;LSC=0;break;
  31   3                              case(1):LSA=1;LSB=0;LSC=0;break;
  32   3                              case(2):LSA=0;LSB=1;LSC=0;break;
  33   3                              case(3):LSA=1;LSB=1;LSC=0;break;
  34   3                              case(4):LSA=0;LSB=0;LSC=1;break;
  35   3                              case(5):LSA=1;LSB=0;LSC=1;break;
  36   3                              case(6):LSA=0;LSB=1;LSC=1;break;
  37   3                              case(7):LSA=1;LSB=1;LSC=1;break;
  38   3                      }  
  39   2                      smg=~smgduan[i];
  40   2                      delay(100);
  41   2                      smg=0xff;
  42   2              }
  43   1      }
  44          
  45          
  46          void main()
  47          {       
  48   1      
  49   1              
  50   1                      smgdis();
  51   1                              
  52   1      }

C51 COMPILER V9.01   MAIN                                                                  04/06/2021 13:51:16 PAGE 2   


MODULE INFORMATION:   STATIC OVERLAYABLE
   CODE SIZE        =    124    ----
   CONSTANT SIZE    =     24    ----
   XDATA SIZE       =   ----    ----
   PDATA SIZE       =   ----    ----
   DATA SIZE        =   ----    ----
   IDATA SIZE       =   ----    ----
   BIT SIZE         =   ----    ----
END OF MODULE INFORMATION.


C51 COMPILATION COMPLETE.  0 WARNING(S),  0 ERROR(S)
