C51 COMPILER V9.01   MAIN                                                                  03/26/2021 23:35:31 PAGE 1   


C51 COMPILER V9.01, COMPILATION OF MODULE MAIN
OBJECT MODULE PLACED IN main.OBJ
COMPILER INVOKED BY: C:\Keil\C51\BIN\C51.EXE main.c BROWSE DEBUG OBJECTEXTEND

line level    source

   1          
   2          #include "reg52.h"                       
   3          typedef unsigned int uint;        
   4          typedef unsigned char uchar;
   5          
   6          sbit key=P0^0;
   7          sbit led=P0^1;
   8          void delay(uint i)
   9          {
  10   1              while(i--);     
  11   1      }
  12          
  13          
  14          void button()
  15          {       if(key==0)
  16   1              {
  17   2               delay(10);
  18   2               if(key==0)
  19   2                      {
  20   3                       led=~led;
  21   3                      }
  22   2              }
  23   1      
  24   1              
  25   1      }
  26          
  27          
  28          void main()
  29          {       
  30   1      
  31   1              
  32   1                      button();
  33   1                      while(!key);                    
  34   1      }


MODULE INFORMATION:   STATIC OVERLAYABLE
   CODE SIZE        =     34    ----
   CONSTANT SIZE    =   ----    ----
   XDATA SIZE       =   ----    ----
   PDATA SIZE       =   ----    ----
   DATA SIZE        =   ----    ----
   IDATA SIZE       =   ----    ----
   BIT SIZE         =   ----    ----
END OF MODULE INFORMATION.


C51 COMPILATION COMPLETE.  0 WARNING(S),  0 ERROR(S)
