C51 COMPILER V9.01   MAIN                                                                  03/27/2021 00:07:09 PAGE 1   


C51 COMPILER V9.01, COMPILATION OF MODULE MAIN
OBJECT MODULE PLACED IN main.OBJ
COMPILER INVOKED BY: C:\Keil\C51\BIN\C51.EXE main.c BROWSE DEBUG OBJECTEXTEND

line level    source

   1          
   2          #include "reg52.h"                       
   3          typedef unsigned int uint;        
   4          typedef unsigned char uchar;
   5          
   6          #define key P1
   7          #define smg P0
   8          
   9          uchar code smgduan[16]={0xC0,0xF9,0xA4,0xB0,0x99,0x92,0x82,0xF8,0x80,0x90,0x88,0x83,0xC6,0xA1,0x86,0x8E};
  10          uchar keyvalue;
  11          
  12          void delay(uint i)
  13          {
  14   1              while(i--);     
  15   1      }
  16          
  17          
  18           void button()
  19          {       uint a;
  20   1              key=0x0f;
  21   1              if(key!=0x0f)
  22   1                      {
  23   2                       delay(1000);
  24   2                       if(key!=0x0f)
  25   2                              {
  26   3                               switch(key)
  27   3                                      {
  28   4                                       case(0x07):keyvalue=0;break;
  29   4                                       case(0x0b):keyvalue=1;break;
  30   4                                       case(0x0d):keyvalue=2;break;
  31   4                                       case(0x0e):keyvalue=3;break;
  32   4                                      }
  33   3                              }
  34   2                      }
  35   1              key=0xf0;
  36   1              if(key!=0xf0)
  37   1                      {
  38   2                       delay(10);
  39   2                       if(key!=0xf0)
  40   2                              {
  41   3                               switch(key)
  42   3                                      {
  43   4                                       case(0x70):keyvalue=keyvalue;break;
  44   4                                       case(0xb0):keyvalue=keyvalue+4;break;
  45   4                                       case(0xd0):keyvalue=keyvalue+8;break;
  46   4                                       case(0xe0):keyvalue=keyvalue+12;break;
  47   4                                      }
  48   3                              }
  49   2                      }
  50   1                      while((a<50)&&(key!=0xf0))
  51   1                      {
  52   2                       delay(100);
  53   2                       a++;
  54   2                      }
  55   1                                      
C51 COMPILER V9.01   MAIN                                                                  03/27/2021 00:07:09 PAGE 2   

  56   1      }
  57          
  58          
  59          void main()
  60          {       
  61   1      
  62   1                      while(1)
  63   1                      {
  64   2                      button();
  65   2                      smg=smgduan[keyvalue];
  66   2                      }                       
  67   1      }


MODULE INFORMATION:   STATIC OVERLAYABLE
   CODE SIZE        =    177    ----
   CONSTANT SIZE    =     16    ----
   XDATA SIZE       =   ----    ----
   PDATA SIZE       =   ----    ----
   DATA SIZE        =      1       2
   IDATA SIZE       =   ----    ----
   BIT SIZE         =   ----    ----
END OF MODULE INFORMATION.


C51 COMPILATION COMPLETE.  0 WARNING(S),  0 ERROR(S)
