C51 COMPILER V9.01   MAIN                                                                  03/29/2021 10:06:43 PAGE 1   


C51 COMPILER V9.01, COMPILATION OF MODULE MAIN
OBJECT MODULE PLACED IN main.OBJ
COMPILER INVOKED BY: C:\Keil\C51\BIN\C51.EXE main.c BROWSE DEBUG OBJECTEXTEND

line level    source

   1          #include <reg52.h>
   2          #include<intrins.h>
   3          typedef  unsigned int  uint;
   4          typedef  unsigned char uchar; 
   5          sbit key=P3^2;
   6          sbit beep=P0^0;
   7          
   8          void delay(uint i)
   9          {
  10   1              while(i--);     
  11   1      }
  12          void Init0time()
  13          {
  14   1        IT0=1;
  15   1        EA=1;
  16   1        EX0=1;
  17   1      }         
  18          void main()
  19          {       
  20   1      while(1)
  21   1      {        beep=0;
  22   2               Init0time();
  23   2                 }
  24   1      }
  25          
  26          void Init0() interrupt 0
  27          {        delay(100);
  28   1              if(key==0)
  29   1              {
  30   2                      beep=1;
  31   2              }
  32   1      } 


MODULE INFORMATION:   STATIC OVERLAYABLE
   CODE SIZE        =     61    ----
   CONSTANT SIZE    =   ----    ----
   XDATA SIZE       =   ----    ----
   PDATA SIZE       =   ----    ----
   DATA SIZE        =   ----    ----
   IDATA SIZE       =   ----    ----
   BIT SIZE         =   ----    ----
END OF MODULE INFORMATION.


C51 COMPILATION COMPLETE.  0 WARNING(S),  0 ERROR(S)
