C51 COMPILER V9.01   MAIN                                                                  05/20/2021 02:17:49 PAGE 1   


C51 COMPILER V9.01, COMPILATION OF MODULE MAIN
OBJECT MODULE PLACED IN main.OBJ
COMPILER INVOKED BY: C:\Keil\C51\BIN\C51.EXE main.c BROWSE DEBUG OBJECTEXTEND

line level    source

   1          #include <reg52.h>
   2          #include<intrins.h>
   3          typedef  unsigned int  uint;
   4          typedef  unsigned char uchar; 
   5          sbit led=P1^3;
   6          uchar num,sec,shi,ge;
   7          #define smg P0
   8          
   9          sbit LSA=P1^0;
  10          sbit LSB=P1^1;
  11          sbit LSC=P1^2;
  12             
  13                  
  14          
  15           uchar code smgduan[16]={0xC0,0xF9,0xA4,0xB0,0x99,0x92,0x82,0xF8,0x80,0x90,0x88,0x83,0xC6,0xA1,0x86,0x8E};
             -//显示0~F的值
  16          
  17           void delay(uint i)
  18           {
  19   1        while(i--);
  20   1       }
  21          void smgdis(uchar shi,uchar ge)
  22          {       uint j;
  23   1      
  24   1              for(j=0;j<2;j++)
  25   1              { 
  26   2                       switch(j)
  27   2                      {
  28   3                              case(0):LSA=0;LSB=0;LSC=0;smg=~smgduan[shi];break;
  29   3                              case(1):LSA=1;LSB=0;LSC=0;smg=~smgduan[ge];break;
  30   3                              /*
  31   3                              case(2):LSA=0;LSB=1;LSC=0;break;
  32   3                              case(3):LSA=1;LSB=1;LSC=0;break;
  33   3                              case(4):LSA=0;LSB=0;LSC=1;break;
  34   3                              case(5):LSA=1;LSB=0;LSC=1;break;
  35   3                              case(6):LSA=0;LSB=1;LSC=1;break;
  36   3                              case(7):LSA=1;LSB=1;LSC=1;break;
  37   3                              */
  38   3                      }  
  39   2                      delay(100);
  40   2                      smg=0xff;
  41   2              }
  42   1      }
  43          
  44          
  45          void Timerinit()
  46          {
  47   1        TMOD|=0x01;
  48   1        TH0=0x3C;
  49   1        TL0=0xB0;;
  50   1        EA=1;
  51   1        ET0=1;
  52   1        TR0=1;
  53   1      }
  54                    
C51 COMPILER V9.01   MAIN                                                                  05/20/2021 02:17:49 PAGE 2   

  55          void main()
  56          {       led=0;
  57   1              Timerinit();
  58   1              while(1)
  59   1              {
  60   2               if(num==20) //1秒时间到
  61   2              {
  62   3               num=0;
  63   3               sec++;
  64   3               led=~led;
  65   3               if(sec==60)
  66   3               {sec=0;}
  67   3               shi=sec/10;
  68   3               ge=sec%10;
  69   3              }
  70   2              smgdis(shi,ge);
  71   2              }
  72   1      }
  73          
  74          void Timer0() interrupt 1 
  75          {        
  76   1              TH0=0X3C; //给定时器0重新赋值，定时 50ms 
  77   1              TL0=0XB0; 
  78   1              num++;  
  79   1              
  80   1      }


MODULE INFORMATION:   STATIC OVERLAYABLE
   CODE SIZE        =    147    ----
   CONSTANT SIZE    =     16    ----
   XDATA SIZE       =   ----    ----
   PDATA SIZE       =   ----    ----
   DATA SIZE        =      4    ----
   IDATA SIZE       =   ----    ----
   BIT SIZE         =   ----    ----
END OF MODULE INFORMATION.


C51 COMPILATION COMPLETE.  0 WARNING(S),  0 ERROR(S)
